
6/9/24, 10:34:04 PM - MEDIA TYPE: "https://arinaeastresidences.homes/" has a media type of
	text/html
6/9/24, 10:34:04 PM - WARNING: "https://unpkg.com/leaflet@1.3.4/dist/leaflet.css?ver=1.3.4" was redirected to
	"https://unpkg.com/leaflet@1.3.4/dist/leaflet.css"
6/9/24, 10:34:05 PM - WARNING: "https://unpkg.com/leaflet@1.3.4/dist/leaflet.js?ver=1.3.4" was redirected to
	"https://unpkg.com/leaflet@1.3.4/dist/leaflet.js"
6/9/24, 10:34:15 PM - MEDIA TYPE: "https://arinaeastresidences.homes/wp-content/themes/realhomes/common/optimize/vendors.js?ver=4.2.0" has a media type of
	text/javascript
6/9/24, 10:34:15 PM - HISTORY: Downloaded "https://arinaeastresidences.homes/wp-content/themes/realhomes/common/optimize/vendors.js?ver=4.2.0"
6/9/24, 10:34:15 PM - MEDIA TYPE: "https://arinaeastresidences.homes/wp-content/plugins/elementor/assets/lib/font-awesome/webfonts/fa-solid-900.woff2" has a media type of
	font/woff2
6/9/24, 10:34:15 PM - HISTORY: Downloaded "https://arinaeastresidences.homes/wp-content/plugins/elementor/assets/lib/font-awesome/webfonts/fa-solid-900.woff2"
6/9/24, 10:34:15 PM - MEDIA TYPE: "https://arinaeastresidences.homes/wp-content/plugins/captcha-for-contact-form-7/core/assets/f12-cf7-captcha-cf7.js" has a media type of
	text/javascript
6/9/24, 10:34:15 PM - HISTORY: Downloaded "https://arinaeastresidences.homes/wp-content/plugins/captcha-for-contact-form-7/core/assets/f12-cf7-captcha-cf7.js"
6/9/24, 10:34:15 PM - MEDIA TYPE: "https://arinaeastresidences.homes/wp-content/plugins/revslider/public/assets/js/rbtools.min.js?ver=6.4.3" has a media type of
	text/javascript
6/9/24, 10:34:15 PM - HISTORY: Downloaded "https://arinaeastresidences.homes/wp-content/plugins/revslider/public/assets/js/rbtools.min.js?ver=6.4.3"
6/9/24, 10:34:15 PM - MEDIA TYPE: "https://arinaeastresidences.homes/wp-content/plugins/revslider/public/assets/js/rs6.min.js?ver=6.4.3" has a media type of
	text/javascript
6/9/24, 10:34:15 PM - HISTORY: Downloaded "https://arinaeastresidences.homes/wp-content/plugins/revslider/public/assets/js/rs6.min.js?ver=6.4.3"
6/9/24, 10:34:15 PM - MEDIA TYPE: "https://arinaeastresidences.homes/wp-content/themes/realhomes/common/js/common-custom.js?ver=4.2.0" has a media type of
	text/javascript
6/9/24, 10:34:15 PM - HISTORY: Downloaded "https://arinaeastresidences.homes/wp-content/themes/realhomes/common/js/common-custom.js?ver=4.2.0"
6/9/24, 10:34:15 PM - MEDIA TYPE: "https://fonts.gstatic.com/s/archivo/v19/k3k6o8UDI-1M0wlSV9XAw6lQkqWY8Q82sJaRE-NWIDdgffTTajNZ9xdvBU7iVNRQ.woff" has a media type of
	font/woff
6/9/24, 10:34:15 PM - WARNING: Download of "https://fonts.gstatic.com/robots.txt"
	failed with error code 404 (not found)
6/9/24, 10:34:15 PM - HISTORY: Downloaded "https://fonts.gstatic.com/s/archivo/v19/k3k6o8UDI-1M0wlSV9XAw6lQkqWY8Q82sJaRE-NWIDdgffTTajNZ9xdvBU7iVNRQ.woff"
6/9/24, 10:34:15 PM - MEDIA TYPE: "https://fonts.gstatic.com/s/archivo/v19/k3k6o8UDI-1M0wlSV9XAw6lQkqWY8Q82sJaRE-NWIDdgffTTNDNZ9xdvBU7iVNRQ.woff" has a media type of
	font/woff
6/9/24, 10:34:15 PM - HISTORY: Downloaded "https://fonts.gstatic.com/s/archivo/v19/k3k6o8UDI-1M0wlSV9XAw6lQkqWY8Q82sJaRE-NWIDdgffTTNDNZ9xdvBU7iVNRQ.woff"
6/9/24, 10:34:15 PM - MEDIA TYPE: "https://arinaeastresidences.homes/wp-content/plugins/realhomes-elementor-addon/elementor/js/oms.min.js?ver=0.3.3" has a media type of
	text/javascript
6/9/24, 10:34:15 PM - HISTORY: Downloaded "https://arinaeastresidences.homes/wp-content/plugins/realhomes-elementor-addon/elementor/js/oms.min.js?ver=0.3.3"
6/9/24, 10:34:15 PM - MEDIA TYPE: "https://arinaeastresidences.homes/wp-includes/js/jquery/jquery.min.js?ver=3.7.0" has a media type of
	text/javascript
6/9/24, 10:34:15 PM - HISTORY: Downloaded "https://arinaeastresidences.homes/wp-includes/js/jquery/jquery.min.js?ver=3.7.0"
6/9/24, 10:34:15 PM - MEDIA TYPE: "https://arinaeastresidences.homes/wp-content/plugins/realhomes-elementor-addon/elementor/js/google-map.js?ver=2.2.1" has a media type of
	text/javascript
6/9/24, 10:34:15 PM - HISTORY: Downloaded "https://arinaeastresidences.homes/wp-content/plugins/realhomes-elementor-addon/elementor/js/google-map.js?ver=2.2.1"
6/9/24, 10:34:15 PM - MEDIA TYPE: "https://arinaeastresidences.homes/wp-content/plugins/elementor/assets/lib/waypoints/waypoints.min.js?ver=4.0.2" has a media type of
	text/javascript
6/9/24, 10:34:15 PM - HISTORY: Downloaded "https://arinaeastresidences.homes/wp-content/plugins/elementor/assets/lib/waypoints/waypoints.min.js?ver=4.0.2"
6/9/24, 10:34:15 PM - MEDIA TYPE: "https://arinaeastresidences.homes/wp-content/themes/realhomes/assets/ultra/scripts/js/ajax-search.js?ver=4.2.0" has a media type of
	text/javascript
6/9/24, 10:34:15 PM - HISTORY: Downloaded "https://arinaeastresidences.homes/wp-content/themes/realhomes/assets/ultra/scripts/js/ajax-search.js?ver=4.2.0"
6/9/24, 10:34:15 PM - MEDIA TYPE: "https://arinaeastresidences.homes/wp-content/plugins/click-to-chat-for-whatsapp/new/inc/assets/js/app.js?ver=3.30.1" has a media type of
	text/javascript
6/9/24, 10:34:15 PM - HISTORY: Downloaded "https://arinaeastresidences.homes/wp-content/plugins/click-to-chat-for-whatsapp/new/inc/assets/js/app.js?ver=3.30.1"
6/9/24, 10:34:15 PM - MEDIA TYPE: "https://fonts.gstatic.com/s/archivoblack/v21/HTxqL289NzCGg4MzN6KJ7eW6CYyF_jzx13E.woff2" has a media type of
	font/woff2
6/9/24, 10:34:15 PM - HISTORY: Downloaded "https://fonts.gstatic.com/s/archivoblack/v21/HTxqL289NzCGg4MzN6KJ7eW6CYyF_jzx13E.woff2"
6/9/24, 10:34:15 PM - MEDIA TYPE: "https://arinaeastresidences.homes/wp-content/plugins/realhomes-elementor-addon/elementor/js/frontend.js?ver=2.2.1" has a media type of
	text/javascript
6/9/24, 10:34:15 PM - HISTORY: Downloaded "https://arinaeastresidences.homes/wp-content/plugins/realhomes-elementor-addon/elementor/js/frontend.js?ver=2.2.1"
6/9/24, 10:34:15 PM - MEDIA TYPE: "https://fonts.gstatic.com/s/archivo/v19/k3k6o8UDI-1M0wlSV9XAw6lQkqWY8Q82sJaRE-NWIDdgffTT0zRZ9xdvBU7iVNRQ.woff" has a media type of
	font/woff
6/9/24, 10:34:15 PM - HISTORY: Downloaded "https://fonts.gstatic.com/s/archivo/v19/k3k6o8UDI-1M0wlSV9XAw6lQkqWY8Q82sJaRE-NWIDdgffTT0zRZ9xdvBU7iVNRQ.woff"
6/9/24, 10:34:15 PM - MEDIA TYPE: "https://arinaeastresidences.homes/wp-includes/js/jquery/ui/tooltip.min.js?ver=1.13.2" has a media type of
	text/javascript
6/9/24, 10:34:15 PM - HISTORY: Downloaded "https://arinaeastresidences.homes/wp-includes/js/jquery/ui/tooltip.min.js?ver=1.13.2"
6/9/24, 10:34:15 PM - MEDIA TYPE: "https://maps.google.com/maps/api/js?v=quarterly&ver=6.3.2" has a media type of
	text/javascript
6/9/24, 10:34:16 PM - HISTORY: Downloaded "https://maps.google.com/maps/api/js?v=quarterly&ver=6.3.2"
6/9/24, 10:34:16 PM - MEDIA TYPE: "https://arinaeastresidences.homes/wp-content/plugins/easy-real-estate/js/jquery.validate.min.js?ver=2.1.1" has a media type of
	text/javascript
6/9/24, 10:34:16 PM - HISTORY: Downloaded "https://arinaeastresidences.homes/wp-content/plugins/easy-real-estate/js/jquery.validate.min.js?ver=2.1.1"
6/9/24, 10:34:16 PM - MEDIA TYPE: "https://arinaeastresidences.homes/wp-content/uploads/2024/08/huttons-logo.png" has a media type of
	image/png
6/9/24, 10:34:16 PM - HISTORY: Downloaded "https://arinaeastresidences.homes/wp-content/uploads/2024/08/huttons-logo.png"
6/9/24, 10:34:16 PM - MEDIA TYPE: "https://arinaeastresidences.homes/wp-content/themes/realhomes/assets/ultra/scripts/js/inspiry-search-form.js?ver=4.2.0" has a media type of
	text/javascript
6/9/24, 10:34:16 PM - HISTORY: Downloaded "https://arinaeastresidences.homes/wp-content/themes/realhomes/assets/ultra/scripts/js/inspiry-search-form.js?ver=4.2.0"
6/9/24, 10:34:16 PM - MEDIA TYPE: "https://arinaeastresidences.homes/wp-content/plugins/captcha-for-contact-form-7/compatibility/elementor/assets/f12-cf7-captcha-elementor.js?ver=6.3.2" has a media type of
	text/javascript
6/9/24, 10:34:16 PM - HISTORY: Downloaded "https://arinaeastresidences.homes/wp-content/plugins/captcha-for-contact-form-7/compatibility/elementor/assets/f12-cf7-captcha-elementor.js?ver=6.3.2"
6/9/24, 10:34:16 PM - MEDIA TYPE: "https://arinaeastresidences.homes/wp-content/plugins/easy-real-estate/js/ere-frontend.js?ver=2.1.1" has a media type of
	text/javascript
6/9/24, 10:34:16 PM - HISTORY: Downloaded "https://arinaeastresidences.homes/wp-content/plugins/easy-real-estate/js/ere-frontend.js?ver=2.1.1"
6/9/24, 10:34:16 PM - MEDIA TYPE: "https://arinaeastresidences.homes/wp-content/plugins/elementor/assets/js/webpack.runtime.min.js?ver=3.17.3" has a media type of
	text/javascript
6/9/24, 10:34:16 PM - HISTORY: Downloaded "https://arinaeastresidences.homes/wp-content/plugins/elementor/assets/js/webpack.runtime.min.js?ver=3.17.3"
6/9/24, 10:34:16 PM - MEDIA TYPE: "https://arinaeastresidences.homes/wp-content/plugins/elementor/assets/lib/font-awesome/webfonts/fa-regular-400.woff2" has a media type of
	font/woff2
6/9/24, 10:34:16 PM - HISTORY: Downloaded "https://arinaeastresidences.homes/wp-content/plugins/elementor/assets/lib/font-awesome/webfonts/fa-regular-400.woff2"
6/9/24, 10:34:16 PM - MEDIA TYPE: "https://arinaeastresidences.homes/wp-content/themes/realhomes/common/font-awesome/webfonts/fa-regular-400.woff2" has a media type of
	font/woff2
6/9/24, 10:34:16 PM - HISTORY: Downloaded "https://arinaeastresidences.homes/wp-content/themes/realhomes/common/font-awesome/webfonts/fa-regular-400.woff2"
6/9/24, 10:34:16 PM - MEDIA TYPE: "https://arinaeastresidences.homes/wp-content/themes/realhomes/common/js/cfos.js?ver=4.2.0" has a media type of
	text/javascript
6/9/24, 10:34:16 PM - HISTORY: Downloaded "https://arinaeastresidences.homes/wp-content/themes/realhomes/common/js/cfos.js?ver=4.2.0"
6/9/24, 10:34:16 PM - MEDIA TYPE: "https://arinaeastresidences.homes/wp-content/themes/realhomes/assets/ultra/scripts/js/custom.js?ver=4.2.0" has a media type of
	text/javascript
6/9/24, 10:34:16 PM - HISTORY: Downloaded "https://arinaeastresidences.homes/wp-content/themes/realhomes/assets/ultra/scripts/js/custom.js?ver=4.2.0"
6/9/24, 10:34:16 PM - MEDIA TYPE: "https://arinaeastresidences.homes/wp-includes/js/jquery/ui/mouse.min.js?ver=1.13.2" has a media type of
	text/javascript
6/9/24, 10:34:16 PM - HISTORY: Downloaded "https://arinaeastresidences.homes/wp-includes/js/jquery/ui/mouse.min.js?ver=1.13.2"
6/9/24, 10:34:16 PM - MEDIA TYPE: "https://arinaeastresidences.homes/wp-includes/js/jquery/jquery-migrate.min.js?ver=3.4.1" has a media type of
	text/javascript
6/9/24, 10:34:16 PM - HISTORY: Downloaded "https://arinaeastresidences.homes/wp-includes/js/jquery/jquery-migrate.min.js?ver=3.4.1"
6/9/24, 10:34:16 PM - MEDIA TYPE: "https://arinaeastresidences.homes/wp-content/plugins/sticky-header-effects-for-elementor/assets/js/she-header.js?ver=1.6.10" has a media type of
	text/javascript
6/9/24, 10:34:16 PM - HISTORY: Downloaded "https://arinaeastresidences.homes/wp-content/plugins/sticky-header-effects-for-elementor/assets/js/she-header.js?ver=1.6.10"
6/9/24, 10:34:16 PM - MEDIA TYPE: "https://arinaeastresidences.homes/wp-includes/js/jquery/ui/core.min.js?ver=1.13.2" has a media type of
	text/javascript
6/9/24, 10:34:16 PM - HISTORY: Downloaded "https://arinaeastresidences.homes/wp-includes/js/jquery/ui/core.min.js?ver=1.13.2"
6/9/24, 10:34:16 PM - MEDIA TYPE: "https://arinaeastresidences.homes/wp-content/themes/realhomes/common/js/inspiry-login.js?ver=4.2.0" has a media type of
	text/javascript
6/9/24, 10:34:16 PM - HISTORY: Downloaded "https://arinaeastresidences.homes/wp-content/themes/realhomes/common/js/inspiry-login.js?ver=4.2.0"
6/9/24, 10:34:16 PM - MEDIA TYPE: "https://www.googletagmanager.com/gtag/js?id=G-FSVGLRP9CJ" has a media type of
	application/javascript
6/9/24, 10:34:16 PM - WARNING: Download of "https://www.googletagmanager.com/robots.txt"
	failed with error code 404 (not found)
6/9/24, 10:34:16 PM - HISTORY: Downloaded "https://www.googletagmanager.com/gtag/js?id=G-FSVGLRP9CJ"
6/9/24, 10:34:16 PM - MEDIA TYPE: "https://arinaeastresidences.homes/wp-content/plugins/easy-real-estate/includes/property-analytics/js/chart.min.js?ver=2.1.1" has a media type of
	text/javascript
6/9/24, 10:34:16 PM - HISTORY: Downloaded "https://arinaeastresidences.homes/wp-content/plugins/easy-real-estate/includes/property-analytics/js/chart.min.js?ver=2.1.1"
6/9/24, 10:34:16 PM - MEDIA TYPE: "https://arinaeastresidences.homes/wp-includes/js/jquery/ui/slider.min.js?ver=1.13.2" has a media type of
	text/javascript
6/9/24, 10:34:16 PM - HISTORY: Downloaded "https://arinaeastresidences.homes/wp-includes/js/jquery/ui/slider.min.js?ver=1.13.2"
6/9/24, 10:34:16 PM - MEDIA TYPE: "https://arinaeastresidences.homes/wp-content/uploads/2023/05/arina-east-residences-1.png" has a media type of
	image/png
6/9/24, 10:34:16 PM - HISTORY: Downloaded "https://arinaeastresidences.homes/wp-content/uploads/2023/05/arina-east-residences-1.png"
6/9/24, 10:34:16 PM - MEDIA TYPE: "https://fonts.gstatic.com/s/archivo/v19/k3k6o8UDI-1M0wlSV9XAw6lQkqWY8Q82sJaRE-NWIDdgffTTBjNZ9xdvBU7iVNRQ.woff" has a media type of
	font/woff
6/9/24, 10:34:16 PM - HISTORY: Downloaded "https://fonts.gstatic.com/s/archivo/v19/k3k6o8UDI-1M0wlSV9XAw6lQkqWY8Q82sJaRE-NWIDdgffTTBjNZ9xdvBU7iVNRQ.woff"
6/9/24, 10:34:16 PM - MEDIA TYPE: "https://arinaeastresidences.homes/wp-content/plugins/elementor/assets/js/frontend-modules.min.js?ver=3.17.3" has a media type of
	text/javascript
6/9/24, 10:34:16 PM - HISTORY: Downloaded "https://arinaeastresidences.homes/wp-content/plugins/elementor/assets/js/frontend-modules.min.js?ver=3.17.3"
6/9/24, 10:34:16 PM - MEDIA TYPE: "https://arinaeastresidences.homes/wp-includes/js/wp-emoji-release.min.js?ver=6.3.2" has a media type of
	text/javascript
6/9/24, 10:34:16 PM - HISTORY: Downloaded "https://arinaeastresidences.homes/wp-includes/js/wp-emoji-release.min.js?ver=6.3.2"
6/9/24, 10:34:16 PM - MEDIA TYPE: "https://arinaeastresidences.homes/wp-content/plugins/elementor/assets/lib/flatpickr/flatpickr.min.js?ver=4.1.4" has a media type of
	text/javascript
6/9/24, 10:34:16 PM - HISTORY: Downloaded "https://arinaeastresidences.homes/wp-content/plugins/elementor/assets/lib/flatpickr/flatpickr.min.js?ver=4.1.4"
6/9/24, 10:34:16 PM - MEDIA TYPE: "https://arinaeastresidences.homes/wp-content/plugins/elementor/assets/js/frontend.min.js?ver=3.17.3" has a media type of
	text/javascript
6/9/24, 10:34:16 PM - HISTORY: Downloaded "https://arinaeastresidences.homes/wp-content/plugins/elementor/assets/js/frontend.min.js?ver=3.17.3"
6/9/24, 10:34:16 PM - MEDIA TYPE: "https://arinaeastresidences.homes/wp-content/themes/realhomes/common/font-awesome/webfonts/fa-solid-900.woff2" has a media type of
	font/woff2
6/9/24, 10:34:16 PM - HISTORY: Downloaded "https://arinaeastresidences.homes/wp-content/themes/realhomes/common/font-awesome/webfonts/fa-solid-900.woff2"
6/9/24, 10:34:16 PM - MEDIA TYPE: "https://arinaeastresidences.homes/wp-content/plugins/realhomes-elementor-addon/elementor/js/markerclusterer.js?ver=2.1.1" has a media type of
	text/javascript
6/9/24, 10:34:16 PM - HISTORY: Downloaded "https://arinaeastresidences.homes/wp-content/plugins/realhomes-elementor-addon/elementor/js/markerclusterer.js?ver=2.1.1"
6/9/24, 10:34:16 PM - MEDIA TYPE: "https://arinaeastresidences.homes/wp-content/plugins/easy-real-estate/includes/property-analytics/js/property-analytics.js?ver=2.1.1" has a media type of
	text/javascript
6/9/24, 10:34:16 PM - HISTORY: Downloaded "https://arinaeastresidences.homes/wp-content/plugins/easy-real-estate/includes/property-analytics/js/property-analytics.js?ver=2.1.1"
6/9/24, 10:34:16 PM - MEDIA TYPE: "https://arinaeastresidences.homes/wp-content/plugins/realhomes-elementor-addon/elementor/js/jquery.ui.touch-punch.min.js?ver=2.2.1" has a media type of
	text/javascript
6/9/24, 10:34:16 PM - HISTORY: Downloaded "https://arinaeastresidences.homes/wp-content/plugins/realhomes-elementor-addon/elementor/js/jquery.ui.touch-punch.min.js?ver=2.2.1"
6/9/24, 10:34:16 PM - MEDIA TYPE: "https://arinaeastresidences.homes/wp-content/plugins/realhomes-elementor-addon/elementor/js/single-property-map.js?ver=2.2.1" has a media type of
	text/javascript
6/9/24, 10:34:16 PM - HISTORY: Downloaded "https://arinaeastresidences.homes/wp-content/plugins/realhomes-elementor-addon/elementor/js/single-property-map.js?ver=2.2.1"
6/9/24, 10:34:16 PM - MEDIA TYPE: "https://unpkg.com/leaflet@1.3.4/dist/leaflet.js" has a media type of
	application/javascript
6/9/24, 10:34:16 PM - HISTORY: Downloaded "https://unpkg.com/leaflet@1.3.4/dist/leaflet.js"
6/9/24, 10:34:16 PM - MEDIA TYPE: "https://arinaeastresidences.homes/wp-content/plugins/realhomes-elementor-addon/elementor/js/infobox.js?ver=1.1.9" has a media type of
	text/javascript
6/9/24, 10:34:16 PM - HISTORY: Downloaded "https://arinaeastresidences.homes/wp-content/plugins/realhomes-elementor-addon/elementor/js/infobox.js?ver=1.1.9"
6/9/24, 10:34:16 PM - MEDIA TYPE: "https://arinaeastresidences.homes/wp-includes/js/comment-reply.min.js?ver=6.3.2" has a media type of
	text/javascript
6/9/24, 10:34:16 PM - HISTORY: Downloaded "https://arinaeastresidences.homes/wp-includes/js/comment-reply.min.js?ver=6.3.2"
6/9/24, 10:34:16 PM - MEDIA TYPE: "https://arinaeastresidences.homes/wp-includes/js/jquery/jquery.form.min.js?ver=4.3.0" has a media type of
	text/javascript
6/9/24, 10:34:16 PM - HISTORY: Downloaded "https://arinaeastresidences.homes/wp-includes/js/jquery/jquery.form.min.js?ver=4.3.0"
6/9/24, 10:34:16 PM - MEDIA TYPE: "https://fonts.gstatic.com/s/archivo/v19/k3k6o8UDI-1M0wlSV9XAw6lQkqWY8Q82sJaRE-NWIDdgffTT6jRZ9xdvBU7iVNRQ.woff" has a media type of
	font/woff
6/9/24, 10:34:16 PM - HISTORY: Downloaded "https://fonts.gstatic.com/s/archivo/v19/k3k6o8UDI-1M0wlSV9XAw6lQkqWY8Q82sJaRE-NWIDdgffTT6jRZ9xdvBU7iVNRQ.woff"
6/9/24, 10:34:16 PM - MEDIA TYPE: "https://arinaeastresidences.homes/wp-content/themes/realhomes/common/js/locations.js?ver=4.2.0" has a media type of
	text/javascript
6/9/24, 10:34:16 PM - HISTORY: Downloaded "https://arinaeastresidences.homes/wp-content/themes/realhomes/common/js/locations.js?ver=4.2.0"
6/9/24, 10:34:16 PM - WARNING: Unable to download "tel:6100%200077",
	referenced from "/Volumes/B47P4/RES/arinaeastresidences.homes/index.html",
	because it is an invalid or unsupported URL
6/9/24, 10:34:16 PM - WARNING: Unable to download "tel:+65 6100 5007",
	referenced from "/Volumes/B47P4/RES/arinaeastresidences.homes/index.html",
	because it is an invalid or unsupported URL
6/9/24, 10:34:16 PM - WARNING: Unable to download "tel: 61005007",
	referenced from "/Volumes/B47P4/RES/arinaeastresidences.homes/index.html",
	because it is an invalid or unsupported URL
6/9/24, 10:34:16 PM - WARNING: May not be able to follow all links on "/Volumes/B47P4/RES/arinaeastresidences.homes/index.html"
	because it uses JavaScript
6/9/24, 10:34:16 PM - HISTORY: Downloaded "https://arinaeastresidences.homes/"
6/9/24, 10:34:18 PM - WARNING: "https://maps.google.com/" was redirected to
	"https://maps.google.com/maps"
6/9/24, 10:34:18 PM - MEDIA TYPE: "https://unpkg.com/" has a media type of
	text/html
6/9/24, 10:34:18 PM - WARNING: Unable to download "https://unpkg.com/",
	referenced from "/Volumes/B47P4/RES/arinaeastresidences.homes/index.html",
	because its path is not allowed
6/9/24, 10:34:18 PM - WARNING: "https://maps.google.com/maps" was redirected to
	"https://www.google.com/maps"
6/9/24, 10:34:18 PM - MEDIA TYPE: "https://www.google.com/maps" has a media type of
	text/html
6/9/24, 10:34:18 PM - WARNING: Unable to download "https://www.google.com/maps",
	referenced from "/Volumes/B47P4/RES/arinaeastresidences.homes/index.html",
	because its path is not allowed
6/9/24, 10:34:18 PM - HISTORY: Downloaded "https://arinaeastresidences.homes/wp-sitemap.xml"
6/9/24, 10:34:20 PM - HISTORY: Downloaded "https://www.google.com/sitemap.xml"
6/9/24, 10:34:20 PM - MEDIA TYPE: "https://fonts.googleapis.com/" has a media type of
	text/html
6/9/24, 10:34:20 PM - ERROR: Download of "https://fonts.googleapis.com",
	referenced from "/Volumes/B47P4/RES/arinaeastresidences.homes/index.html",
	failed with error code 404 (not found)
6/9/24, 10:34:20 PM - WARNING: Unable to download "https://fonts.googleapis.com/",
	referenced from "/Volumes/B47P4/RES/arinaeastresidences.homes/index.html",
	because its path is not allowed
6/9/24, 10:34:20 PM - MEDIA TYPE: "https://arinaeastresidences.homes/feed/" has a media type of
	application/rss+xml
6/9/24, 10:34:20 PM - HISTORY: Downloaded "https://arinaeastresidences.homes/feed/"
6/9/24, 10:34:20 PM - MEDIA TYPE: "http://gmpg.org/xfn/11" has a media type of
	text/html
6/9/24, 10:34:20 PM - WARNING: Unable to download "http://gmpg.org/xfn/11",
	referenced from "/Volumes/B47P4/RES/arinaeastresidences.homes/index.html",
	because its path is not allowed
6/9/24, 10:34:22 PM - MEDIA TYPE: "https://arinaeastresidences.homes/comments/feed/" has a media type of
	application/rss+xml
6/9/24, 10:34:22 PM - HISTORY: Downloaded "https://arinaeastresidences.homes/comments/feed/"
6/9/24, 10:34:24 PM - MEDIA TYPE: "https://arinaeastresidences.homes/wp-content/plugins/click-to-chat-for-whatsapp/new/inc/assets/css/main.css?ver=3.30.1" has a media type of
	text/css
6/9/24, 10:34:24 PM - HISTORY: Downloaded "https://arinaeastresidences.homes/wp-content/plugins/click-to-chat-for-whatsapp/new/inc/assets/css/main.css?ver=3.30.1"
6/9/24, 10:34:26 PM - MEDIA TYPE: "https://arinaeastresidences.homes/wp-includes/css/dist/block-library/style.min.css?ver=6.3.2" has a media type of
	text/css
6/9/24, 10:34:26 PM - HISTORY: Downloaded "https://arinaeastresidences.homes/wp-includes/css/dist/block-library/style.min.css?ver=6.3.2"
6/9/24, 10:34:26 PM - MEDIA TYPE: "https://fonts.googleapis.com/css?family=Archivo:100,200,300,400,500,600,700,800,900|Archivo+Black:400|Roboto:400,400i,500,500i,700,700i|DM+Sans:400,400i,500,500i,700,700i&subset=latin,latin-ext&display=fallback&ver=4.2.0" has a media type of
	text/css
6/9/24, 10:34:26 PM - HISTORY: Downloaded "https://fonts.googleapis.com/css?family=Archivo:100,200,300,400,500,600,700,800,900|Archivo+Black:400|Roboto:400,400i,500,500i,700,700i|DM+Sans:400,400i,500,500i,700,700i&subset=latin,latin-ext&display=fallback&ver=4.2.0"
6/9/24, 10:34:28 PM - MEDIA TYPE: "https://arinaeastresidences.homes/wp-content/plugins/captcha-for-contact-form-7/core/assets/f12-cf7-captcha.css?ver=6.3.2" has a media type of
	text/css
6/9/24, 10:34:28 PM - HISTORY: Downloaded "https://arinaeastresidences.homes/wp-content/plugins/captcha-for-contact-form-7/core/assets/f12-cf7-captcha.css?ver=6.3.2"
6/9/24, 10:34:30 PM - MEDIA TYPE: "https://arinaeastresidences.homes/wp-content/plugins/revslider/public/assets/css/rs6.css?ver=6.4.3" has a media type of
	text/css
6/9/24, 10:34:30 PM - HISTORY: Downloaded "https://arinaeastresidences.homes/wp-content/plugins/revslider/public/assets/css/rs6.css?ver=6.4.3"
6/9/24, 10:34:32 PM - MEDIA TYPE: "https://arinaeastresidences.homes/wp-content/themes/realhomes/assets/ultra/styles/css/main.css?ver=4.2.0" has a media type of
	text/css
6/9/24, 10:34:32 PM - HISTORY: Downloaded "https://arinaeastresidences.homes/wp-content/themes/realhomes/assets/ultra/styles/css/main.css?ver=4.2.0"
6/9/24, 10:34:32 PM - WARNING: "https://unpkg.com/leaflet@1.3.4/dist/leaflet.css?ver=1.3.4" was redirected to
	"https://unpkg.com/leaflet@1.3.4/dist/leaflet.css"
6/9/24, 10:34:32 PM - MEDIA TYPE: "https://unpkg.com/leaflet@1.3.4/dist/leaflet.css" has a media type of
	text/css
6/9/24, 10:34:32 PM - HISTORY: Downloaded "https://unpkg.com/leaflet@1.3.4/dist/leaflet.css"
6/9/24, 10:34:34 PM - MEDIA TYPE: "https://arinaeastresidences.homes/wp-content/themes/realhomes/style.css?ver=4.2.0" has a media type of
	text/css
6/9/24, 10:34:34 PM - HISTORY: Downloaded "https://arinaeastresidences.homes/wp-content/themes/realhomes/style.css?ver=4.2.0"
6/9/24, 10:34:36 PM - MEDIA TYPE: "https://arinaeastresidences.homes/wp-content/themes/realhomes/common/font-awesome/css/all.min.css?ver=5.13.1" has a media type of
	text/css
6/9/24, 10:34:36 PM - HISTORY: Downloaded "https://arinaeastresidences.homes/wp-content/themes/realhomes/common/font-awesome/css/all.min.css?ver=5.13.1"
6/9/24, 10:34:38 PM - MEDIA TYPE: "https://arinaeastresidences.homes/wp-content/themes/realhomes/common/optimize/vendors.css?ver=4.2.0" has a media type of
	text/css
6/9/24, 10:34:38 PM - HISTORY: Downloaded "https://arinaeastresidences.homes/wp-content/themes/realhomes/common/optimize/vendors.css?ver=4.2.0"
6/9/24, 10:34:40 PM - MEDIA TYPE: "https://arinaeastresidences.homes/wp-content/themes/realhomes/assets/ultra/styles/css/custom.css?ver=4.2.0" has a media type of
	text/css
6/9/24, 10:34:40 PM - HISTORY: Downloaded "https://arinaeastresidences.homes/wp-content/themes/realhomes/assets/ultra/styles/css/custom.css?ver=4.2.0"
6/9/24, 10:34:42 PM - MEDIA TYPE: "https://arinaeastresidences.homes/wp-content/themes/realhomes/common/css/frontend-styles.min.css?ver=4.2.0" has a media type of
	text/css
6/9/24, 10:34:42 PM - HISTORY: Downloaded "https://arinaeastresidences.homes/wp-content/themes/realhomes/common/css/frontend-styles.min.css?ver=4.2.0"
6/9/24, 10:34:44 PM - MEDIA TYPE: "https://arinaeastresidences.homes/wp-content/plugins/elementor/assets/lib/eicons/css/elementor-icons.min.css?ver=5.23.0" has a media type of
	text/css
6/9/24, 10:34:44 PM - HISTORY: Downloaded "https://arinaeastresidences.homes/wp-content/plugins/elementor/assets/lib/eicons/css/elementor-icons.min.css?ver=5.23.0"
6/9/24, 10:34:46 PM - MEDIA TYPE: "https://arinaeastresidences.homes/wp-content/plugins/elementor/assets/css/frontend-lite.min.css?ver=3.17.3" has a media type of
	text/css
6/9/24, 10:34:46 PM - HISTORY: Downloaded "https://arinaeastresidences.homes/wp-content/plugins/elementor/assets/css/frontend-lite.min.css?ver=3.17.3"
6/9/24, 10:34:48 PM - MEDIA TYPE: "https://arinaeastresidences.homes/wp-content/plugins/elementor/assets/lib/swiper/v8/css/swiper.min.css?ver=8.4.5" has a media type of
	text/css
6/9/24, 10:34:48 PM - HISTORY: Downloaded "https://arinaeastresidences.homes/wp-content/plugins/elementor/assets/lib/swiper/v8/css/swiper.min.css?ver=8.4.5"
6/9/24, 10:34:50 PM - MEDIA TYPE: "https://arinaeastresidences.homes/wp-content/uploads/elementor/css/post-8.css?ver=1701521736" has a media type of
	text/css
6/9/24, 10:34:50 PM - HISTORY: Downloaded "https://arinaeastresidences.homes/wp-content/uploads/elementor/css/post-8.css?ver=1701521736"
6/9/24, 10:34:52 PM - MEDIA TYPE: "https://arinaeastresidences.homes/wp-content/plugins/realhomes-elementor-addon/elementor/css/frontend.css?ver=2.2.1" has a media type of
	text/css
6/9/24, 10:34:52 PM - HISTORY: Downloaded "https://arinaeastresidences.homes/wp-content/plugins/realhomes-elementor-addon/elementor/css/frontend.css?ver=2.2.1"
6/9/24, 10:34:52 PM - MEDIA TYPE: "https://fonts.googleapis.com/css?family=Roboto:100,100italic,200,200italic,300,300italic,400,400italic,500,500italic,600,600italic,700,700italic,800,800italic,900,900italic|Roboto+Slab:100,100italic,200,200italic,300,300italic,400,400italic,500,500italic,600,600italic,700,700italic,800,800italic,900,900italic|Archivo:100,100italic,200,200italic,300,300italic,400,400italic,500,500italic,600,600italic,700,700italic,800,800italic,900,900italic|Archivo+Black:100,100italic,200,200italic,300,300italic,400,400italic,500,500italic,600,600italic,700,700italic,800,800italic,900,900italic&display=swap&ver=6.3.2" has a media type of
	text/css
6/9/24, 10:34:52 PM - HISTORY: Downloaded "https://fonts.googleapis.com/css?family=Roboto:100,100italic,200,200italic,300,300italic,400,400italic,500,500italic,600,600italic,700,700italic,800,800italic,900,900italic|Roboto+Slab:100,100italic,200,200italic,300,300italic,400,400italic,500,500italic,600,600italic,700,700italic,800,800italic,900,900italic|Archivo:100,100italic,200,200italic,300,300italic,400,400italic,500,500italic,600,600italic,700,700italic,800,800italic,900,900italic|Archivo+Black:100,100italic,200,200italic,300,300italic,400,400italic,500,500italic,600,600italic,700,700italic,800,800italic,900,900italic&display=swap&ver=6.3.2"
6/9/24, 10:34:54 PM - MEDIA TYPE: "https://arinaeastresidences.homes/wp-content/themes/realhomes/common/css/elementor-styles.min.css?ver=4.2.0" has a media type of
	text/css
6/9/24, 10:34:54 PM - HISTORY: Downloaded "https://arinaeastresidences.homes/wp-content/themes/realhomes/common/css/elementor-styles.min.css?ver=4.2.0"
6/9/24, 10:34:56 PM - MEDIA TYPE: "https://arinaeastresidences.homes/wp-content/plugins/sticky-header-effects-for-elementor/assets/css/she-header-style.css?ver=1.6.10" has a media type of
	text/css
6/9/24, 10:34:56 PM - HISTORY: Downloaded "https://arinaeastresidences.homes/wp-content/plugins/sticky-header-effects-for-elementor/assets/css/she-header-style.css?ver=1.6.10"
6/9/24, 10:34:58 PM - MEDIA TYPE: "https://arinaeastresidences.homes/wp-content/uploads/elementor/css/post-51.css?ver=1724057347" has a media type of
	text/css
6/9/24, 10:34:58 PM - HISTORY: Downloaded "https://arinaeastresidences.homes/wp-content/uploads/elementor/css/post-51.css?ver=1724057347"
6/9/24, 10:35:00 PM - MEDIA TYPE: "https://arinaeastresidences.homes/wp-content/plugins/elementor/assets/lib/flatpickr/flatpickr.min.css?ver=4.1.4" has a media type of
	text/css
6/9/24, 10:35:00 PM - HISTORY: Downloaded "https://arinaeastresidences.homes/wp-content/plugins/elementor/assets/lib/flatpickr/flatpickr.min.css?ver=4.1.4"
6/9/24, 10:35:00 PM - MEDIA TYPE: "https://fonts.gstatic.com/" has a media type of
	text/html
6/9/24, 10:35:00 PM - ERROR: Download of "https://fonts.gstatic.com/",
	referenced from "/Volumes/B47P4/RES/arinaeastresidences.homes/index.html",
	failed with error code 404 (not found)
6/9/24, 10:35:00 PM - WARNING: Unable to download "https://fonts.gstatic.com/",
	referenced from "/Volumes/B47P4/RES/arinaeastresidences.homes/index.html",
	because its path is not allowed
6/9/24, 10:35:02 PM - MEDIA TYPE: "https://arinaeastresidences.homes/wp-content/plugins/elementor/assets/lib/font-awesome/css/fontawesome.min.css?ver=5.15.3" has a media type of
	text/css
6/9/24, 10:35:02 PM - HISTORY: Downloaded "https://arinaeastresidences.homes/wp-content/plugins/elementor/assets/lib/font-awesome/css/fontawesome.min.css?ver=5.15.3"
6/9/24, 10:35:04 PM - MEDIA TYPE: "https://arinaeastresidences.homes/wp-content/plugins/elementor/assets/lib/font-awesome/css/solid.min.css?ver=5.15.3" has a media type of
	text/css
6/9/24, 10:35:04 PM - HISTORY: Downloaded "https://arinaeastresidences.homes/wp-content/plugins/elementor/assets/lib/font-awesome/css/solid.min.css?ver=5.15.3"
6/9/24, 10:35:06 PM - MEDIA TYPE: "https://arinaeastresidences.homes/wp-content/plugins/elementor/assets/lib/font-awesome/css/regular.min.css?ver=5.15.3" has a media type of
	text/css
6/9/24, 10:35:06 PM - HISTORY: Downloaded "https://arinaeastresidences.homes/wp-content/plugins/elementor/assets/lib/font-awesome/css/regular.min.css?ver=5.15.3"
6/9/24, 10:35:08 PM - MEDIA TYPE: "https://arinaeastresidences.homes/wp-content/plugins/elementor/assets/lib/font-awesome/css/brands.min.css?ver=5.15.3" has a media type of
	text/css
6/9/24, 10:35:08 PM - HISTORY: Downloaded "https://arinaeastresidences.homes/wp-content/plugins/elementor/assets/lib/font-awesome/css/brands.min.css?ver=5.15.3"
6/9/24, 10:35:10 PM - MEDIA TYPE: "https://arinaeastresidences.homes/wp-json/" has a media type of
	application/json
6/9/24, 10:35:10 PM - HISTORY: Downloaded "https://arinaeastresidences.homes/wp-json/"
6/9/24, 10:35:12 PM - MEDIA TYPE: "https://arinaeastresidences.homes/wp-json/wp/v2/pages/51" has a media type of
	application/json
6/9/24, 10:35:12 PM - HISTORY: Downloaded "https://arinaeastresidences.homes/wp-json/wp/v2/pages/51"
6/9/24, 10:35:14 PM - MEDIA TYPE: "https://arinaeastresidences.homes/xmlrpc.php?rsd" has a media type of
	text/xml
6/9/24, 10:35:14 PM - HISTORY: Downloaded "https://arinaeastresidences.homes/xmlrpc.php?rsd"
6/9/24, 10:35:16 PM - MEDIA TYPE: "https://arinaeastresidences.homes/wp-json/oembed/1.0/embed?url=https:%2F%2Farinaeastresidences.homes%2F" has a media type of
	application/json
6/9/24, 10:35:16 PM - HISTORY: Downloaded "https://arinaeastresidences.homes/wp-json/oembed/1.0/embed?url=https:%2F%2Farinaeastresidences.homes%2F"
6/9/24, 10:35:18 PM - MEDIA TYPE: "https://arinaeastresidences.homes/wp-json/oembed/1.0/embed?url=https:%2F%2Farinaeastresidences.homes%2F&format=xml" has a media type of
	text/xml
6/9/24, 10:35:18 PM - HISTORY: Downloaded "https://arinaeastresidences.homes/wp-json/oembed/1.0/embed?url=https:%2F%2Farinaeastresidences.homes%2F&format=xml"
6/9/24, 10:35:20 PM - MEDIA TYPE: "https://arinaeastresidences.homes/wp-content/uploads/2023/05/arina-east-residences-1-150x150.png" has a media type of
	image/png
6/9/24, 10:35:20 PM - HISTORY: Downloaded "https://arinaeastresidences.homes/wp-content/uploads/2023/05/arina-east-residences-1-150x150.png"
6/9/24, 10:35:22 PM - MEDIA TYPE: "https://arinaeastresidences.homes/wp-content/uploads/2023/05/arina-east-residences-1-210x210.png" has a media type of
	image/png
6/9/24, 10:35:22 PM - HISTORY: Downloaded "https://arinaeastresidences.homes/wp-content/uploads/2023/05/arina-east-residences-1-210x210.png"
6/9/24, 10:35:24 PM - MEDIA TYPE: "https://arinaeastresidences.homes/" has a media type of
	text/html
6/9/24, 10:35:26 PM - MEDIA TYPE: "https://arinaeastresidences.homes/wp-content/plugins/elementor/assets/css/widget-icon-list.min.css" has a media type of
	text/css
6/9/24, 10:35:26 PM - HISTORY: Downloaded "https://arinaeastresidences.homes/wp-content/plugins/elementor/assets/css/widget-icon-list.min.css"
6/9/24, 10:35:28 PM - WARNING: Loading of resource "https://arinaeastresidences.homes/wp-content/uploads/2023/05/10-evelyn-facade-jpg.webp"
	failed with error code 102 (Frame load interrupted)
6/9/24, 10:35:28 PM - MEDIA TYPE: "https://arinaeastresidences.homes/wp-content/uploads/2023/05/10-evelyn-facade-jpg.webp" has a media type of
	image/webp
6/9/24, 10:35:30 PM - WARNING: Loading of resource "https://arinaeastresidences.homes/wp-content/uploads/2023/12/10-evelyn-pool-jpg.webp"
	failed with error code 102 (Frame load interrupted)
6/9/24, 10:35:30 PM - MEDIA TYPE: "https://arinaeastresidences.homes/wp-content/uploads/2023/12/10-evelyn-pool-jpg.webp" has a media type of
	image/webp
6/9/24, 10:35:32 PM - WARNING: Loading of resource "https://arinaeastresidences.homes/wp-content/uploads/2023/05/10-evelyn-1-bedroom-jpg.webp"
	failed with error code 102 (Frame load interrupted)
6/9/24, 10:35:32 PM - MEDIA TYPE: "https://arinaeastresidences.homes/wp-content/uploads/2023/05/10-evelyn-1-bedroom-jpg.webp" has a media type of
	image/webp
6/9/24, 10:35:34 PM - WARNING: Loading of resource "https://arinaeastresidences.homes/wp-content/uploads/2023/05/10-evelyn-bedroom-jpg.webp"
	failed with error code 102 (Frame load interrupted)
6/9/24, 10:35:34 PM - MEDIA TYPE: "https://arinaeastresidences.homes/wp-content/uploads/2023/05/10-evelyn-bedroom-jpg.webp" has a media type of
	image/webp
6/9/24, 10:35:36 PM - MEDIA TYPE: "https://arinaeastresidences.homes/wp-content/uploads/2023/11/midtown-bay-site-plan.jpg" has a media type of
	text/html
6/9/24, 10:35:36 PM - ERROR: Download of "https://arinaeastresidences.homes/wp-content/uploads/2023/11/midtown-bay-site-plan.jpg",
	referenced from "/Volumes/B47P4/RES/arinaeastresidences.homes/index.html",
	failed with error code 404 (not found)
6/9/24, 10:35:37 PM - WARNING: "https://unpkg.com/leaflet@1.3.4/dist/leaflet.css?ver=1.3.4" was redirected to
	"https://unpkg.com/leaflet@1.3.4/dist/leaflet.css"
6/9/24, 10:35:38 PM - MEDIA TYPE: "https://arinaeastresidences.homes/wp-content/uploads/2023/05/10-evelyn-floor-plan-1-bedroom-a1b.png" has a media type of
	image/png
6/9/24, 10:35:38 PM - HISTORY: Downloaded "https://arinaeastresidences.homes/wp-content/uploads/2023/05/10-evelyn-floor-plan-1-bedroom-a1b.png"
6/9/24, 10:35:39 PM - WARNING: "https://unpkg.com/leaflet@1.3.4/dist/leaflet.js?ver=1.3.4" was redirected to
	"https://unpkg.com/leaflet@1.3.4/dist/leaflet.js"
6/9/24, 10:35:40 PM - MEDIA TYPE: "https://arinaeastresidences.homes/wp-content/uploads/2023/05/10-evelyn-facade-jpg.webp" has a media type of
	image/webp
6/9/24, 10:35:40 PM - HISTORY: Downloaded "https://arinaeastresidences.homes/wp-content/uploads/2023/05/10-evelyn-facade-jpg.webp"
6/9/24, 10:35:42 PM - MEDIA TYPE: "https://arinaeastresidences.homes/wp-content/uploads/2023/12/10-evelyn-pool-jpg.webp" has a media type of
	image/webp
6/9/24, 10:35:42 PM - HISTORY: Downloaded "https://arinaeastresidences.homes/wp-content/uploads/2023/12/10-evelyn-pool-jpg.webp"
6/9/24, 10:35:44 PM - MEDIA TYPE: "https://arinaeastresidences.homes/wp-content/uploads/2023/05/10-evelyn-1-bedroom-jpg.webp" has a media type of
	image/webp
6/9/24, 10:35:44 PM - HISTORY: Downloaded "https://arinaeastresidences.homes/wp-content/uploads/2023/05/10-evelyn-1-bedroom-jpg.webp"
6/9/24, 10:35:46 PM - MEDIA TYPE: "https://arinaeastresidences.homes/wp-content/uploads/2023/05/10-evelyn-bedroom-jpg.webp" has a media type of
	image/webp
6/9/24, 10:35:46 PM - HISTORY: Downloaded "https://arinaeastresidences.homes/wp-content/uploads/2023/05/10-evelyn-bedroom-jpg.webp"
6/9/24, 10:35:48 PM - MEDIA TYPE: "https://arinaeastresidences.homes/wp-content/plugins/realhomes-elementor-addon/elementor/js/oms.min.js?ver=0.3.3" has a media type of
	text/javascript
6/9/24, 10:35:48 PM - MEDIA TYPE: "https://arinaeastresidences.homes/wp-content/plugins/elementor/assets/lib/flatpickr/flatpickr.min.js?ver=4.1.4" has a media type of
	text/javascript
6/9/24, 10:35:48 PM - MEDIA TYPE: "https://arinaeastresidences.homes/wp-content/themes/realhomes/common/font-awesome/webfonts/fa-regular-400.woff2" has a media type of
	font/woff2
6/9/24, 10:35:48 PM - MEDIA TYPE: "https://arinaeastresidences.homes/wp-content/uploads/2024/08/huttons-logo.png" has a media type of
	image/png
6/9/24, 10:35:48 PM - MEDIA TYPE: "https://arinaeastresidences.homes/wp-includes/js/jquery/ui/tooltip.min.js?ver=1.13.2" has a media type of
	text/javascript
6/9/24, 10:35:48 PM - MEDIA TYPE: "https://arinaeastresidences.homes/wp-content/plugins/captcha-for-contact-form-7/core/assets/f12-cf7-captcha-cf7.js" has a media type of
	text/javascript
6/9/24, 10:35:48 PM - MEDIA TYPE: "https://arinaeastresidences.homes/wp-content/themes/realhomes/common/js/common-custom.js?ver=4.2.0" has a media type of
	text/javascript
6/9/24, 10:35:48 PM - MEDIA TYPE: "https://arinaeastresidences.homes/wp-content/themes/realhomes/assets/ultra/scripts/js/ajax-search.js?ver=4.2.0" has a media type of
	text/javascript
6/9/24, 10:35:48 PM - MEDIA TYPE: "https://arinaeastresidences.homes/wp-content/plugins/elementor/assets/js/frontend.min.js?ver=3.17.3" has a media type of
	text/javascript
6/9/24, 10:35:48 PM - MEDIA TYPE: "https://arinaeastresidences.homes/wp-content/plugins/elementor/assets/js/webpack.runtime.min.js?ver=3.17.3" has a media type of
	text/javascript
6/9/24, 10:35:48 PM - MEDIA TYPE: "https://arinaeastresidences.homes/wp-includes/js/jquery/jquery-migrate.min.js?ver=3.4.1" has a media type of
	text/javascript
6/9/24, 10:35:48 PM - MEDIA TYPE: "https://arinaeastresidences.homes/wp-content/plugins/elementor/assets/lib/font-awesome/webfonts/fa-solid-900.woff2" has a media type of
	font/woff2
6/9/24, 10:35:48 PM - MEDIA TYPE: "https://unpkg.com/leaflet@1.3.4/dist/leaflet.js" has a media type of
	application/javascript
6/9/24, 10:35:48 PM - MEDIA TYPE: "https://maps.google.com/maps/api/js?v=quarterly&ver=6.3.2" has a media type of
	text/javascript
6/9/24, 10:35:48 PM - MEDIA TYPE: "https://arinaeastresidences.homes/wp-content/plugins/realhomes-elementor-addon/elementor/js/infobox.js?ver=1.1.9" has a media type of
	text/javascript
6/9/24, 10:35:48 PM - MEDIA TYPE: "https://fonts.gstatic.com/s/archivo/v19/k3k6o8UDI-1M0wlSV9XAw6lQkqWY8Q82sJaRE-NWIDdgffTTBjNZ9xdvBU7iVNRQ.woff" has a media type of
	font/woff
6/9/24, 10:35:48 PM - MEDIA TYPE: "https://arinaeastresidences.homes/wp-content/plugins/easy-real-estate/js/jquery.validate.min.js?ver=2.1.1" has a media type of
	text/javascript
6/9/24, 10:35:48 PM - MEDIA TYPE: "https://arinaeastresidences.homes/wp-content/plugins/realhomes-elementor-addon/elementor/js/google-map.js?ver=2.2.1" has a media type of
	text/javascript
6/9/24, 10:35:48 PM - MEDIA TYPE: "https://arinaeastresidences.homes/wp-content/themes/realhomes/common/js/cfos.js?ver=4.2.0" has a media type of
	text/javascript
6/9/24, 10:35:48 PM - MEDIA TYPE: "https://arinaeastresidences.homes/wp-content/themes/realhomes/assets/ultra/scripts/js/custom.js?ver=4.2.0" has a media type of
	text/javascript
6/9/24, 10:35:48 PM - MEDIA TYPE: "https://arinaeastresidences.homes/wp-content/plugins/realhomes-elementor-addon/elementor/js/frontend.js?ver=2.2.1" has a media type of
	text/javascript
6/9/24, 10:35:48 PM - MEDIA TYPE: "https://arinaeastresidences.homes/wp-content/themes/realhomes/assets/ultra/scripts/js/inspiry-search-form.js?ver=4.2.0" has a media type of
	text/javascript
6/9/24, 10:35:48 PM - MEDIA TYPE: "https://arinaeastresidences.homes/wp-content/themes/realhomes/common/optimize/vendors.js?ver=4.2.0" has a media type of
	text/javascript
6/9/24, 10:35:48 PM - MEDIA TYPE: "https://arinaeastresidences.homes/wp-content/plugins/sticky-header-effects-for-elementor/assets/js/she-header.js?ver=1.6.10" has a media type of
	text/javascript
6/9/24, 10:35:48 PM - MEDIA TYPE: "https://arinaeastresidences.homes/wp-includes/js/jquery/jquery.min.js?ver=3.7.0" has a media type of
	text/javascript
6/9/24, 10:35:48 PM - MEDIA TYPE: "https://arinaeastresidences.homes/wp-content/themes/realhomes/common/images/404-image.png" has a media type of
	image/png
6/9/24, 10:35:48 PM - HISTORY: Downloaded "https://arinaeastresidences.homes/wp-content/themes/realhomes/common/images/404-image.png"
6/9/24, 10:35:48 PM - MEDIA TYPE: "https://arinaeastresidences.homes/wp-includes/js/wp-emoji-release.min.js?ver=6.3.2" has a media type of
	text/javascript
6/9/24, 10:35:48 PM - MEDIA TYPE: "https://fonts.gstatic.com/s/archivo/v19/k3k6o8UDI-1M0wlSV9XAw6lQkqWY8Q82sJaRE-NWIDdgffTT6jRZ9xdvBU7iVNRQ.woff" has a media type of
	font/woff
6/9/24, 10:35:48 PM - MEDIA TYPE: "https://arinaeastresidences.homes/wp-content/plugins/revslider/public/assets/js/rbtools.min.js?ver=6.4.3" has a media type of
	text/javascript
6/9/24, 10:35:48 PM - MEDIA TYPE: "https://arinaeastresidences.homes/wp-content/plugins/revslider/public/assets/js/rs6.min.js?ver=6.4.3" has a media type of
	text/javascript
6/9/24, 10:35:48 PM - MEDIA TYPE: "https://arinaeastresidences.homes/wp-content/plugins/elementor/assets/js/frontend-modules.min.js?ver=3.17.3" has a media type of
	text/javascript
6/9/24, 10:35:48 PM - MEDIA TYPE: "https://arinaeastresidences.homes/wp-includes/js/jquery/ui/core.min.js?ver=1.13.2" has a media type of
	text/javascript
6/9/24, 10:35:48 PM - MEDIA TYPE: "https://arinaeastresidences.homes/wp-content/themes/realhomes/common/js/inspiry-login.js?ver=4.2.0" has a media type of
	text/javascript
6/9/24, 10:35:48 PM - MEDIA TYPE: "https://arinaeastresidences.homes/wp-content/plugins/realhomes-elementor-addon/elementor/js/jquery.ui.touch-punch.min.js?ver=2.2.1" has a media type of
	text/javascript
6/9/24, 10:35:48 PM - MEDIA TYPE: "https://fonts.gstatic.com/s/archivo/v19/k3k6o8UDI-1M0wlSV9XAw6lQkqWY8Q82sJaRE-NWIDdgffTTNDNZ9xdvBU7iVNRQ.woff" has a media type of
	font/woff
6/9/24, 10:35:48 PM - MEDIA TYPE: "https://arinaeastresidences.homes/wp-content/plugins/elementor/assets/lib/waypoints/waypoints.min.js?ver=4.0.2" has a media type of
	text/javascript
6/9/24, 10:35:48 PM - MEDIA TYPE: "https://arinaeastresidences.homes/wp-content/plugins/captcha-for-contact-form-7/compatibility/elementor/assets/f12-cf7-captcha-elementor.js?ver=6.3.2" has a media type of
	text/javascript
6/9/24, 10:35:48 PM - MEDIA TYPE: "https://www.googletagmanager.com/gtag/js?id=G-FSVGLRP9CJ" has a media type of
	application/javascript
6/9/24, 10:35:48 PM - MEDIA TYPE: "https://arinaeastresidences.homes/wp-content/uploads/2023/05/arina-east-residences-1.png" has a media type of
	image/png
6/9/24, 10:35:48 PM - MEDIA TYPE: "https://arinaeastresidences.homes/wp-content/plugins/click-to-chat-for-whatsapp/new/inc/assets/js/app.js?ver=3.30.1" has a media type of
	text/javascript
6/9/24, 10:35:48 PM - MEDIA TYPE: "https://arinaeastresidences.homes/wp-includes/js/jquery/ui/slider.min.js?ver=1.13.2" has a media type of
	text/javascript
6/9/24, 10:35:48 PM - MEDIA TYPE: "https://arinaeastresidences.homes/wp-content/themes/realhomes/common/js/locations.js?ver=4.2.0" has a media type of
	text/javascript
6/9/24, 10:35:48 PM - MEDIA TYPE: "https://arinaeastresidences.homes/wp-includes/js/jquery/jquery.form.min.js?ver=4.3.0" has a media type of
	text/javascript
6/9/24, 10:35:48 PM - MEDIA TYPE: "https://arinaeastresidences.homes/wp-content/plugins/easy-real-estate/js/ere-frontend.js?ver=2.1.1" has a media type of
	text/javascript
6/9/24, 10:35:48 PM - MEDIA TYPE: "https://arinaeastresidences.homes/wp-content/plugins/realhomes-elementor-addon/elementor/js/markerclusterer.js?ver=2.1.1" has a media type of
	text/javascript
6/9/24, 10:35:48 PM - MEDIA TYPE: "https://arinaeastresidences.homes/wp-includes/js/jquery/ui/mouse.min.js?ver=1.13.2" has a media type of
	text/javascript
6/9/24, 10:35:48 PM - MEDIA TYPE: "https://arinaeastresidences.homes/wp-content/themes/realhomes/common/font-awesome/webfonts/fa-solid-900.woff2" has a media type of
	font/woff2
6/9/24, 10:35:48 PM - MEDIA TYPE: "https://fonts.gstatic.com/s/archivoblack/v21/HTxqL289NzCGg4MzN6KJ7eW6CYyF_jzx13E.woff2" has a media type of
	font/woff2
6/9/24, 10:35:48 PM - ERROR: Download of "https://fonts.googleapis.com",
	referenced from "/Volumes/B47P4/RES/arinaeastresidences.homes/wp-content/uploads/2023/11/midtown-bay-site-plan.jpg.html",
	failed with error code 404 (not found)
6/9/24, 10:35:48 PM - ERROR: Download of "https://arinaeastresidences.homes/wp-content/uploads/2023/11/midtown-bay-site-plan.jpg#about",
	referenced from "/Volumes/B47P4/RES/arinaeastresidences.homes/wp-content/uploads/2023/11/midtown-bay-site-plan.jpg.html",
	failed with error code 404 (not found)
6/9/24, 10:35:48 PM - ERROR: Download of "https://arinaeastresidences.homes/wp-content/uploads/2023/11/midtown-bay-site-plan.jpg#floor-plans",
	referenced from "/Volumes/B47P4/RES/arinaeastresidences.homes/wp-content/uploads/2023/11/midtown-bay-site-plan.jpg.html",
	failed with error code 404 (not found)
6/9/24, 10:35:48 PM - ERROR: Download of "https://arinaeastresidences.homes/wp-content/uploads/2023/11/midtown-bay-site-plan.jpg#location",
	referenced from "/Volumes/B47P4/RES/arinaeastresidences.homes/wp-content/uploads/2023/11/midtown-bay-site-plan.jpg.html",
	failed with error code 404 (not found)
6/9/24, 10:35:48 PM - ERROR: Download of "https://arinaeastresidences.homes/wp-content/uploads/2023/11/midtown-bay-site-plan.jpg#contact",
	referenced from "/Volumes/B47P4/RES/arinaeastresidences.homes/wp-content/uploads/2023/11/midtown-bay-site-plan.jpg.html",
	failed with error code 404 (not found)
6/9/24, 10:35:48 PM - ERROR: Download of "https://arinaeastresidences.homes/wp-content/uploads/2023/11/midtown-bay-site-plan.jpg#about",
	referenced from "/Volumes/B47P4/RES/arinaeastresidences.homes/wp-content/uploads/2023/11/midtown-bay-site-plan.jpg.html",
	failed with error code 404 (not found)
6/9/24, 10:35:48 PM - ERROR: Download of "https://arinaeastresidences.homes/wp-content/uploads/2023/11/midtown-bay-site-plan.jpg#floor-plans",
	referenced from "/Volumes/B47P4/RES/arinaeastresidences.homes/wp-content/uploads/2023/11/midtown-bay-site-plan.jpg.html",
	failed with error code 404 (not found)
6/9/24, 10:35:48 PM - ERROR: Download of "https://arinaeastresidences.homes/wp-content/uploads/2023/11/midtown-bay-site-plan.jpg#location",
	referenced from "/Volumes/B47P4/RES/arinaeastresidences.homes/wp-content/uploads/2023/11/midtown-bay-site-plan.jpg.html",
	failed with error code 404 (not found)
6/9/24, 10:35:48 PM - ERROR: Download of "https://arinaeastresidences.homes/wp-content/uploads/2023/11/midtown-bay-site-plan.jpg#contact",
	referenced from "/Volumes/B47P4/RES/arinaeastresidences.homes/wp-content/uploads/2023/11/midtown-bay-site-plan.jpg.html",
	failed with error code 404 (not found)
6/9/24, 10:35:48 PM - MEDIA TYPE: "https://arinaeastresidences.homes/wp-content/uploads/2023/05/10-evelyn-floor-plan-1-bedroom-a2a.png" has a media type of
	image/png
6/9/24, 10:35:48 PM - ERROR: Download of "https://arinaeastresidences.homes/wp-content/uploads/2023/11/midtown-bay-site-plan.jpg#about",
	referenced from "/Volumes/B47P4/RES/arinaeastresidences.homes/wp-content/uploads/2023/11/midtown-bay-site-plan.jpg.html",
	failed with error code 404 (not found)
6/9/24, 10:35:48 PM - ERROR: Download of "https://arinaeastresidences.homes/wp-content/uploads/2023/11/midtown-bay-site-plan.jpg#floor-plans",
	referenced from "/Volumes/B47P4/RES/arinaeastresidences.homes/wp-content/uploads/2023/11/midtown-bay-site-plan.jpg.html",
	failed with error code 404 (not found)
6/9/24, 10:35:48 PM - ERROR: Download of "https://arinaeastresidences.homes/wp-content/uploads/2023/11/midtown-bay-site-plan.jpg#location",
	referenced from "/Volumes/B47P4/RES/arinaeastresidences.homes/wp-content/uploads/2023/11/midtown-bay-site-plan.jpg.html",
	failed with error code 404 (not found)
6/9/24, 10:35:48 PM - ERROR: Download of "https://arinaeastresidences.homes/wp-content/uploads/2023/11/midtown-bay-site-plan.jpg#contact",
	referenced from "/Volumes/B47P4/RES/arinaeastresidences.homes/wp-content/uploads/2023/11/midtown-bay-site-plan.jpg.html",
	failed with error code 404 (not found)
6/9/24, 10:35:48 PM - WARNING: Unable to download "tel:6100%200077",
	referenced from "/Volumes/B47P4/RES/arinaeastresidences.homes/wp-content/uploads/2023/11/midtown-bay-site-plan.jpg.html",
	because it is an invalid or unsupported URL
6/9/24, 10:35:48 PM - HISTORY: Downloaded "https://arinaeastresidences.homes/wp-content/uploads/2023/05/10-evelyn-floor-plan-1-bedroom-a2a.png"
6/9/24, 10:35:48 PM - ERROR: Download of "https://arinaeastresidences.homes/wp-content/uploads/2023/11/midtown-bay-site-plan.jpg#top",
	referenced from "/Volumes/B47P4/RES/arinaeastresidences.homes/wp-content/uploads/2023/11/midtown-bay-site-plan.jpg.html",
	failed with error code 404 (not found)
6/9/24, 10:35:48 PM - WARNING: May not be able to follow all links on "/Volumes/B47P4/RES/arinaeastresidences.homes/wp-content/uploads/2023/11/midtown-bay-site-plan.jpg.html"
	because it uses JavaScript
6/9/24, 10:35:48 PM - HISTORY: Downloaded "https://arinaeastresidences.homes/wp-content/uploads/2023/11/midtown-bay-site-plan.jpg"
6/9/24, 10:35:50 PM - MEDIA TYPE: "https://arinaeastresidences.homes/wp-content/uploads/2023/05/10-evelyn-floor-plan-1-bedroom-a3b.png" has a media type of
	image/png
6/9/24, 10:35:50 PM - HISTORY: Downloaded "https://arinaeastresidences.homes/wp-content/uploads/2023/05/10-evelyn-floor-plan-1-bedroom-a3b.png"
6/9/24, 10:35:52 PM - MEDIA TYPE: "https://arinaeastresidences.homes/wp-content/uploads/2023/05/10-evelyn-floor-plan-2-bedroom-b1d.png" has a media type of
	image/png
6/9/24, 10:35:52 PM - HISTORY: Downloaded "https://arinaeastresidences.homes/wp-content/uploads/2023/05/10-evelyn-floor-plan-2-bedroom-b1d.png"
6/9/24, 10:35:54 PM - MEDIA TYPE: "https://arinaeastresidences.homes/wp-content/uploads/2023/05/10-evelyn-floor-plan-2-bedroom-b2b.png" has a media type of
	image/png
6/9/24, 10:35:54 PM - HISTORY: Downloaded "https://arinaeastresidences.homes/wp-content/uploads/2023/05/10-evelyn-floor-plan-2-bedroom-b2b.png"
6/9/24, 10:35:56 PM - MEDIA TYPE: "https://arinaeastresidences.homes/wp-content/uploads/2023/05/10-evelyn-floor-plan-2-bedroom-b3b.png" has a media type of
	image/png
6/9/24, 10:35:56 PM - HISTORY: Downloaded "https://arinaeastresidences.homes/wp-content/uploads/2023/05/10-evelyn-floor-plan-2-bedroom-b3b.png"
6/9/24, 10:35:58 PM - MEDIA TYPE: "https://arinaeastresidences.homes/wp-content/uploads/2023/05/10-evelyn-floor-plan-3-bedroom-ph2.png" has a media type of
	image/png
6/9/24, 10:35:58 PM - HISTORY: Downloaded "https://arinaeastresidences.homes/wp-content/uploads/2023/05/10-evelyn-floor-plan-3-bedroom-ph2.png"
6/9/24, 10:36:00 PM - MEDIA TYPE: "https://arinaeastresidences.homes/wp-content/uploads/2023/05/10-evelyn-floor-plan-3-bedroom-ph4.png" has a media type of
	image/png
6/9/24, 10:36:00 PM - HISTORY: Downloaded "https://arinaeastresidences.homes/wp-content/uploads/2023/05/10-evelyn-floor-plan-3-bedroom-ph4.png"
6/9/24, 10:36:02 PM - WARNING: Loading of resource "https://arinaeastresidences.homes/wp-content/uploads/2023/12/10-evelyn-smart-home-system-jpg.webp"
	failed with error code 102 (Frame load interrupted)
6/9/24, 10:36:02 PM - MEDIA TYPE: "https://arinaeastresidences.homes/wp-content/uploads/2023/12/10-evelyn-smart-home-system-jpg.webp" has a media type of
	image/webp
6/9/24, 10:36:04 PM - WARNING: Loading of resource "https://arinaeastresidences.homes/wp-content/uploads/2023/12/10-evelyn-smart-home-system-300x177.webp"
	failed with error code 102 (Frame load interrupted)
6/9/24, 10:36:04 PM - MEDIA TYPE: "https://arinaeastresidences.homes/wp-content/uploads/2023/12/10-evelyn-smart-home-system-300x177.webp" has a media type of
	image/webp
6/9/24, 10:36:06 PM - WARNING: Loading of resource "https://arinaeastresidences.homes/wp-content/uploads/2023/12/10-evelyn-smart-home-system-1024x605.webp"
	failed with error code 102 (Frame load interrupted)
6/9/24, 10:36:06 PM - MEDIA TYPE: "https://arinaeastresidences.homes/wp-content/uploads/2023/12/10-evelyn-smart-home-system-1024x605.webp" has a media type of
	image/webp
6/9/24, 10:36:08 PM - WARNING: Loading of resource "https://arinaeastresidences.homes/wp-content/uploads/2023/12/10-evelyn-smart-home-system-768x454.webp"
	failed with error code 102 (Frame load interrupted)
6/9/24, 10:36:08 PM - MEDIA TYPE: "https://arinaeastresidences.homes/wp-content/uploads/2023/12/10-evelyn-smart-home-system-768x454.webp" has a media type of
	image/webp
6/9/24, 10:36:10 PM - WARNING: Loading of resource "https://arinaeastresidences.homes/wp-content/uploads/2023/12/10-evelyn-smart-home-system-150x89.webp"
	failed with error code 102 (Frame load interrupted)
6/9/24, 10:36:10 PM - MEDIA TYPE: "https://arinaeastresidences.homes/wp-content/uploads/2023/12/10-evelyn-smart-home-system-150x89.webp" has a media type of
	image/webp
6/9/24, 10:36:12 PM - MEDIA TYPE: "https://arinaeastresidences.homes/wp-admin/admin-ajax.php" has a media type of
	text/html
6/9/24, 10:36:12 PM - ERROR: Download of "https://arinaeastresidences.homes/wp-admin/admin-ajax.php",
	referenced from "/Volumes/B47P4/RES/arinaeastresidences.homes/wp-content/uploads/2023/11/midtown-bay-site-plan.jpg.html",
	failed with error code 400 (bad request)
6/9/24, 10:36:12 PM - ERROR: Download of "https://arinaeastresidences.homes/wp-admin/admin-ajax.php",
	referenced from "/Volumes/B47P4/RES/arinaeastresidences.homes/index.html",
	failed with error code 400 (bad request)
6/9/24, 10:36:12 PM - WARNING: "https://arinaeastresidences.homes/favicon.ico" was redirected to
	"https://arinaeastresidences.homes/wp-content/uploads/2023/05/arina-east-residences-1-150x150.png"
6/9/24, 10:36:14 PM - MEDIA TYPE: "https://arinaeastresidences.homes/wp-content/uploads/2023/12/10-evelyn-smart-home-system-jpg.webp" has a media type of
	image/webp
6/9/24, 10:36:14 PM - HISTORY: Downloaded "https://arinaeastresidences.homes/wp-content/uploads/2023/12/10-evelyn-smart-home-system-jpg.webp"
6/9/24, 10:36:16 PM - MEDIA TYPE: "https://arinaeastresidences.homes/wp-content/uploads/2023/12/10-evelyn-smart-home-system-300x177.webp" has a media type of
	image/webp
6/9/24, 10:36:16 PM - HISTORY: Downloaded "https://arinaeastresidences.homes/wp-content/uploads/2023/12/10-evelyn-smart-home-system-300x177.webp"
6/9/24, 10:36:18 PM - MEDIA TYPE: "https://arinaeastresidences.homes/wp-content/uploads/2023/12/10-evelyn-smart-home-system-1024x605.webp" has a media type of
	image/webp
6/9/24, 10:36:18 PM - HISTORY: Downloaded "https://arinaeastresidences.homes/wp-content/uploads/2023/12/10-evelyn-smart-home-system-1024x605.webp"
6/9/24, 10:36:20 PM - MEDIA TYPE: "https://arinaeastresidences.homes/wp-content/uploads/2023/12/10-evelyn-smart-home-system-768x454.webp" has a media type of
	image/webp
6/9/24, 10:36:20 PM - HISTORY: Downloaded "https://arinaeastresidences.homes/wp-content/uploads/2023/12/10-evelyn-smart-home-system-768x454.webp"
6/9/24, 10:36:21 PM - HISTORY: Downloaded "https://arinaeastresidences.homes/wp-admin/admin-ajax.php"
6/9/24, 10:36:22 PM - MEDIA TYPE: "https://arinaeastresidences.homes/wp-content/uploads/2023/12/10-evelyn-smart-home-system-150x89.webp" has a media type of
	image/webp
6/9/24, 10:36:22 PM - HISTORY: Downloaded "https://arinaeastresidences.homes/wp-content/uploads/2023/12/10-evelyn-smart-home-system-150x89.webp"
6/9/24, 10:36:23 PM - STATUS: Level = 2; Files Downloaded = 113; Files Remaining = 299; Errors = 19
	Connections = 6; Time to Download = 2 minutes, 24 seconds

---------------------
